<?xml version="1.0" encoding="UTF-8"?>
<!-- Generated by org.testng.reporters.JUnitReportReporter -->
<testsuite hostname="ermao-ThinkPad-T510" failures="0" tests="1" name="ToolsQA.DemoMavenEclipseProject.open_chrome" time="5.691" errors="0" timestamp="31 Oct 2018 01:55:25 GMT">
  <testcase classname="ToolsQA.DemoMavenEclipseProject.open_chrome" name="navigateToGoogle_chrome" time="5.691"/>
</testsuite> <!-- ToolsQA.DemoMavenEclipseProject.open_chrome -->
