<?xml version="1.0" encoding="UTF-8"?>
<!-- Generated by org.testng.reporters.JUnitReportReporter -->
<testsuite hostname="ermao-ThinkPad-T510" failures="0" tests="1" name="ToolsQA.DemoMavenEclipseProject.open_firefox" time="18.421" errors="0" timestamp="31 Oct 2018 03:45:16 GMT">
  <testcase classname="ToolsQA.DemoMavenEclipseProject.open_firefox" name="navigateToLibrary_firefox" time="18.421"/>
</testsuite> <!-- ToolsQA.DemoMavenEclipseProject.open_firefox -->
